<?xml version="1.0" encoding="UTF-8"?>
<testng-results skipped="0" failed="0" ignored="0" total="1" passed="1">
  <reporter-output>
  </reporter-output>
  <suite name="Default suite" duration-ms="14739" started-at="2022-04-17T11:15:37 IST" finished-at="2022-04-17T11:15:52 IST">
    <groups>
    </groups>
    <test name="Default test" duration-ms="14739" started-at="2022-04-17T11:15:37 IST" finished-at="2022-04-17T11:15:52 IST">
      <class name="testClasses.KT_TC101">
        <test-method status="PASS" signature="launchBrows()[pri:0, instance:testClasses.KT_TC101@76a3e297]" name="launchBrows" is-config="true" duration-ms="10465" started-at="2022-04-17T11:15:37 IST" finished-at="2022-04-17T11:15:48 IST">
          <reporter-output>
          </reporter-output>
        </test-method> <!-- launchBrows -->
        <test-method status="PASS" signature="getURL()[pri:0, instance:testClasses.KT_TC101@76a3e297]" name="getURL" is-config="true" duration-ms="2996" started-at="2022-04-17T11:15:48 IST" finished-at="2022-04-17T11:15:51 IST">
          <reporter-output>
          </reporter-output>
        </test-method> <!-- getURL -->
        <test-method status="PASS" signature="tc101()[pri:0, instance:testClasses.KT_TC101@76a3e297]" name="tc101" duration-ms="1087" started-at="2022-04-17T11:15:51 IST" finished-at="2022-04-17T11:15:52 IST">
          <reporter-output>
          </reporter-output>
        </test-method> <!-- tc101 -->
        <test-method status="PASS" signature="captureScreen(org.testng.ITestResult)[pri:0, instance:testClasses.KT_TC101@76a3e297]" name="captureScreen" is-config="true" duration-ms="8" started-at="2022-04-17T11:15:52 IST" finished-at="2022-04-17T11:15:52 IST">
          <params>
            <param index="0">
              <value>
                <![CDATA[[TestResult name=tc101 status=SUCCESS method=KT_TC101.tc101()[pri:0, instance:testClasses.KT_TC101@76a3e297] output={null}]]]>
              </value>
            </param>
          </params>
          <reporter-output>
          </reporter-output>
        </test-method> <!-- captureScreen -->
        <test-method status="PASS" signature="closeBrows()[pri:0, instance:testClasses.KT_TC101@76a3e297]" name="closeBrows" is-config="true" duration-ms="0" started-at="2022-04-17T11:15:52 IST" finished-at="2022-04-17T11:15:52 IST">
          <reporter-output>
          </reporter-output>
        </test-method> <!-- closeBrows -->
      </class> <!-- testClasses.KT_TC101 -->
    </test> <!-- Default test -->
  </suite> <!-- Default suite -->
</testng-results>
